<?xml version="1.0" encoding="UTF-8" ?>
<testsuite failures="0" time="6.304" errors="0" skipped="0" tests="1" name="com.labbooktool.repository.LabBookRepositoryTest">
  <properties>
    <property name="java.runtime.name" value="Java(TM) SE Runtime Environment"/>
    <property name="sun.boot.library.path" value="/Library/Java/JavaVirtualMachines/jdk1.7.0_21.jdk/Contents/Home/jre/lib"/>
    <property name="java.vm.version" value="23.21-b01"/>
    <property name="user.country.format" value="TR"/>
    <property name="gopherProxySet" value="false"/>
    <property name="java.vm.vendor" value="Oracle Corporation"/>
    <property name="java.vendor.url" value="http://java.oracle.com/"/>
    <property name="path.separator" value=":"/>
    <property name="java.vm.name" value="Java HotSpot(TM) 64-Bit Server VM"/>
    <property name="file.encoding.pkg" value="sun.io"/>
    <property name="user.country" value="US"/>
    <property name="sun.java.launcher" value="SUN_STANDARD"/>
    <property name="sun.os.patch.level" value="unknown"/>
    <property name="java.vm.specification.name" value="Java Virtual Machine Specification"/>
    <property name="user.dir" value="/Users/tanilcagdas/Dropbox/swprojects/newLabBookTool/labBookTool/mongo"/>
    <property name="java.runtime.version" value="1.7.0_21-b12"/>
    <property name="java.awt.graphicsenv" value="sun.awt.CGraphicsEnvironment"/>
    <property name="basedir" value="/Users/tanilcagdas/Dropbox/swprojects/newLabBookTool/labBookTool/mongo"/>
    <property name="java.endorsed.dirs" value="/Library/Java/JavaVirtualMachines/jdk1.7.0_21.jdk/Contents/Home/jre/lib/endorsed"/>
    <property name="os.arch" value="x86_64"/>
    <property name="surefire.real.class.path" value="/var/folders/t6/_fk8d8v17f57rtb36p_0n9l00000gn/T/surefirebooter4960742473243465988.jar"/>
    <property name="java.io.tmpdir" value="/var/folders/t6/_fk8d8v17f57rtb36p_0n9l00000gn/T/"/>
    <property name="line.separator" value="
"/>
    <property name="java.vm.specification.vendor" value="Oracle Corporation"/>
    <property name="os.name" value="Mac OS X"/>
    <property name="sun.jnu.encoding" value="US-ASCII"/>
    <property name="java.library.path" value="/Users/tanilcagdas/Library/Java/Extensions:/Library/Java/Extensions:/Network/Library/Java/Extensions:/System/Library/Java/Extensions:/usr/lib/java:."/>
    <property name="surefire.test.class.path" value="/Users/tanilcagdas/Dropbox/swprojects/newLabBookTool/labBookTool/mongo/target/test-classes:/Users/tanilcagdas/Dropbox/swprojects/newLabBookTool/labBookTool/mongo/target/classes:/Users/tanilcagdas/.m2/repository/org/springframework/data/spring-data-mongodb/1.2.1.RELEASE/spring-data-mongodb-1.2.1.RELEASE.jar:/Users/tanilcagdas/.m2/repository/org/springframework/spring-tx/3.1.4.RELEASE/spring-tx-3.1.4.RELEASE.jar:/Users/tanilcagdas/.m2/repository/aopalliance/aopalliance/1.0/aopalliance-1.0.jar:/Users/tanilcagdas/.m2/repository/org/springframework/spring-aop/3.1.4.RELEASE/spring-aop-3.1.4.RELEASE.jar:/Users/tanilcagdas/.m2/repository/org/springframework/spring-context/3.1.4.RELEASE/spring-context-3.1.4.RELEASE.jar:/Users/tanilcagdas/.m2/repository/org/springframework/spring-asm/3.1.4.RELEASE/spring-asm-3.1.4.RELEASE.jar:/Users/tanilcagdas/.m2/repository/org/springframework/spring-beans/3.1.4.RELEASE/spring-beans-3.1.4.RELEASE.jar:/Users/tanilcagdas/.m2/repository/org/springframework/spring-core/3.1.4.RELEASE/spring-core-3.1.4.RELEASE.jar:/Users/tanilcagdas/.m2/repository/org/springframework/spring-expression/3.1.4.RELEASE/spring-expression-3.1.4.RELEASE.jar:/Users/tanilcagdas/.m2/repository/org/springframework/data/spring-data-commons/1.5.1.RELEASE/spring-data-commons-1.5.1.RELEASE.jar:/Users/tanilcagdas/.m2/repository/org/mongodb/mongo-java-driver/2.10.1/mongo-java-driver-2.10.1.jar:/Users/tanilcagdas/.m2/repository/cglib/cglib/2.2/cglib-2.2.jar:/Users/tanilcagdas/.m2/repository/asm/asm/3.1/asm-3.1.jar:/Users/tanilcagdas/.m2/repository/log4j/log4j/1.2.17/log4j-1.2.17.jar:/Users/tanilcagdas/.m2/repository/org/slf4j/slf4j-api/1.6.1/slf4j-api-1.6.1.jar:/Users/tanilcagdas/.m2/repository/org/slf4j/jcl-over-slf4j/1.6.1/jcl-over-slf4j-1.6.1.jar:/Users/tanilcagdas/.m2/repository/org/slf4j/slf4j-log4j12/1.6.1/slf4j-log4j12-1.6.1.jar:/Users/tanilcagdas/.m2/repository/junit/junit/4.8.1/junit-4.8.1.jar:/Users/tanilcagdas/.m2/repository/org/springframework/spring-test/3.1.3.RELEASE/spring-test-3.1.3.RELEASE.jar:/Users/tanilcagdas/.m2/repository/com/lordofthejars/nosqlunit-mongodb/0.7.6/nosqlunit-mongodb-0.7.6.jar:/Users/tanilcagdas/.m2/repository/com/lordofthejars/nosqlunit-core/0.7.6/nosqlunit-core-0.7.6.jar:/Users/tanilcagdas/.m2/repository/javax/inject/javax.inject/1/javax.inject-1.jar:/Users/tanilcagdas/.m2/repository/com/googlecode/lambdaj/lambdaj/2.3.3/lambdaj-2.3.3.jar:/Users/tanilcagdas/.m2/repository/org/objenesis/objenesis/1.2/objenesis-1.2.jar:/Users/tanilcagdas/.m2/repository/cglib/cglib-nodep/2.2/cglib-nodep-2.2.jar:/Users/tanilcagdas/.m2/repository/org/jooq/joor/0.9.3/joor-0.9.3.jar:/Users/tanilcagdas/.m2/repository/org/codehaus/jackson/jackson-mapper-asl/1.8.8/jackson-mapper-asl-1.8.8.jar:/Users/tanilcagdas/.m2/repository/org/codehaus/jackson/jackson-core-asl/1.8.8/jackson-core-asl-1.8.8.jar:/Users/tanilcagdas/.m2/repository/com/foursquare/fongo/1.0.7/fongo-1.0.7.jar:/Users/tanilcagdas/.m2/repository/org/mockito/mockito-core/1.9.0/mockito-core-1.9.0.jar:/Users/tanilcagdas/.m2/repository/org/hamcrest/hamcrest-core/1.3/hamcrest-core-1.3.jar:/Users/tanilcagdas/.m2/repository/org/hamcrest/hamcrest-library/1.3/hamcrest-library-1.3.jar:/Users/tanilcagdas/.m2/repository/org/easytesting/fest-assert/1.4/fest-assert-1.4.jar:/Users/tanilcagdas/.m2/repository/org/easytesting/fest-util/1.1.6/fest-util-1.1.6.jar:"/>
    <property name="java.specification.name" value="Java Platform API Specification"/>
    <property name="java.class.version" value="51.0"/>
    <property name="sun.management.compiler" value="HotSpot 64-Bit Tiered Compilers"/>
    <property name="os.version" value="10.8.5"/>
    <property name="http.nonProxyHosts" value="local|*.local|169.254/16|*.169.254/16"/>
    <property name="user.home" value="/Users/tanilcagdas"/>
    <property name="user.timezone" value="Europe/Istanbul"/>
    <property name="java.awt.printerjob" value="sun.lwawt.macosx.CPrinterJob"/>
    <property name="java.specification.version" value="1.7"/>
    <property name="file.encoding" value="US-ASCII"/>
    <property name="user.name" value="tanilcagdas"/>
    <property name="java.class.path" value="/Users/tanilcagdas/Dropbox/swprojects/newLabBookTool/labBookTool/mongo/target/test-classes:/Users/tanilcagdas/Dropbox/swprojects/newLabBookTool/labBookTool/mongo/target/classes:/Users/tanilcagdas/.m2/repository/org/springframework/data/spring-data-mongodb/1.2.1.RELEASE/spring-data-mongodb-1.2.1.RELEASE.jar:/Users/tanilcagdas/.m2/repository/org/springframework/spring-tx/3.1.4.RELEASE/spring-tx-3.1.4.RELEASE.jar:/Users/tanilcagdas/.m2/repository/aopalliance/aopalliance/1.0/aopalliance-1.0.jar:/Users/tanilcagdas/.m2/repository/org/springframework/spring-aop/3.1.4.RELEASE/spring-aop-3.1.4.RELEASE.jar:/Users/tanilcagdas/.m2/repository/org/springframework/spring-context/3.1.4.RELEASE/spring-context-3.1.4.RELEASE.jar:/Users/tanilcagdas/.m2/repository/org/springframework/spring-asm/3.1.4.RELEASE/spring-asm-3.1.4.RELEASE.jar:/Users/tanilcagdas/.m2/repository/org/springframework/spring-beans/3.1.4.RELEASE/spring-beans-3.1.4.RELEASE.jar:/Users/tanilcagdas/.m2/repository/org/springframework/spring-core/3.1.4.RELEASE/spring-core-3.1.4.RELEASE.jar:/Users/tanilcagdas/.m2/repository/org/springframework/spring-expression/3.1.4.RELEASE/spring-expression-3.1.4.RELEASE.jar:/Users/tanilcagdas/.m2/repository/org/springframework/data/spring-data-commons/1.5.1.RELEASE/spring-data-commons-1.5.1.RELEASE.jar:/Users/tanilcagdas/.m2/repository/org/mongodb/mongo-java-driver/2.10.1/mongo-java-driver-2.10.1.jar:/Users/tanilcagdas/.m2/repository/cglib/cglib/2.2/cglib-2.2.jar:/Users/tanilcagdas/.m2/repository/asm/asm/3.1/asm-3.1.jar:/Users/tanilcagdas/.m2/repository/log4j/log4j/1.2.17/log4j-1.2.17.jar:/Users/tanilcagdas/.m2/repository/org/slf4j/slf4j-api/1.6.1/slf4j-api-1.6.1.jar:/Users/tanilcagdas/.m2/repository/org/slf4j/jcl-over-slf4j/1.6.1/jcl-over-slf4j-1.6.1.jar:/Users/tanilcagdas/.m2/repository/org/slf4j/slf4j-log4j12/1.6.1/slf4j-log4j12-1.6.1.jar:/Users/tanilcagdas/.m2/repository/junit/junit/4.8.1/junit-4.8.1.jar:/Users/tanilcagdas/.m2/repository/org/springframework/spring-test/3.1.3.RELEASE/spring-test-3.1.3.RELEASE.jar:/Users/tanilcagdas/.m2/repository/com/lordofthejars/nosqlunit-mongodb/0.7.6/nosqlunit-mongodb-0.7.6.jar:/Users/tanilcagdas/.m2/repository/com/lordofthejars/nosqlunit-core/0.7.6/nosqlunit-core-0.7.6.jar:/Users/tanilcagdas/.m2/repository/javax/inject/javax.inject/1/javax.inject-1.jar:/Users/tanilcagdas/.m2/repository/com/googlecode/lambdaj/lambdaj/2.3.3/lambdaj-2.3.3.jar:/Users/tanilcagdas/.m2/repository/org/objenesis/objenesis/1.2/objenesis-1.2.jar:/Users/tanilcagdas/.m2/repository/cglib/cglib-nodep/2.2/cglib-nodep-2.2.jar:/Users/tanilcagdas/.m2/repository/org/jooq/joor/0.9.3/joor-0.9.3.jar:/Users/tanilcagdas/.m2/repository/org/codehaus/jackson/jackson-mapper-asl/1.8.8/jackson-mapper-asl-1.8.8.jar:/Users/tanilcagdas/.m2/repository/org/codehaus/jackson/jackson-core-asl/1.8.8/jackson-core-asl-1.8.8.jar:/Users/tanilcagdas/.m2/repository/com/foursquare/fongo/1.0.7/fongo-1.0.7.jar:/Users/tanilcagdas/.m2/repository/org/mockito/mockito-core/1.9.0/mockito-core-1.9.0.jar:/Users/tanilcagdas/.m2/repository/org/hamcrest/hamcrest-core/1.3/hamcrest-core-1.3.jar:/Users/tanilcagdas/.m2/repository/org/hamcrest/hamcrest-library/1.3/hamcrest-library-1.3.jar:/Users/tanilcagdas/.m2/repository/org/easytesting/fest-assert/1.4/fest-assert-1.4.jar:/Users/tanilcagdas/.m2/repository/org/easytesting/fest-util/1.1.6/fest-util-1.1.6.jar:"/>
    <property name="java.vm.specification.version" value="1.7"/>
    <property name="sun.arch.data.model" value="64"/>
    <property name="java.home" value="/Library/Java/JavaVirtualMachines/jdk1.7.0_21.jdk/Contents/Home/jre"/>
    <property name="sun.java.command" value="/var/folders/t6/_fk8d8v17f57rtb36p_0n9l00000gn/T/surefirebooter4960742473243465988.jar /var/folders/t6/_fk8d8v17f57rtb36p_0n9l00000gn/T/surefire4367446892240432360tmp /var/folders/t6/_fk8d8v17f57rtb36p_0n9l00000gn/T/surefire9131790207422134677tmp"/>
    <property name="java.specification.vendor" value="Oracle Corporation"/>
    <property name="user.language" value="en"/>
    <property name="awt.toolkit" value="sun.lwawt.macosx.LWCToolkit"/>
    <property name="java.vm.info" value="mixed mode"/>
    <property name="java.version" value="1.7.0_21"/>
    <property name="java.ext.dirs" value="/Users/tanilcagdas/Library/Java/Extensions:/Library/Java/JavaVirtualMachines/jdk1.7.0_21.jdk/Contents/Home/jre/lib/ext:/Library/Java/Extensions:/Network/Library/Java/Extensions:/System/Library/Java/Extensions:/usr/lib/java"/>
    <property name="sun.boot.class.path" value="/Library/Java/JavaVirtualMachines/jdk1.7.0_21.jdk/Contents/Home/jre/lib/resources.jar:/Library/Java/JavaVirtualMachines/jdk1.7.0_21.jdk/Contents/Home/jre/lib/rt.jar:/Library/Java/JavaVirtualMachines/jdk1.7.0_21.jdk/Contents/Home/jre/lib/sunrsasign.jar:/Library/Java/JavaVirtualMachines/jdk1.7.0_21.jdk/Contents/Home/jre/lib/jsse.jar:/Library/Java/JavaVirtualMachines/jdk1.7.0_21.jdk/Contents/Home/jre/lib/jce.jar:/Library/Java/JavaVirtualMachines/jdk1.7.0_21.jdk/Contents/Home/jre/lib/charsets.jar:/Library/Java/JavaVirtualMachines/jdk1.7.0_21.jdk/Contents/Home/jre/lib/jfr.jar:/Library/Java/JavaVirtualMachines/jdk1.7.0_21.jdk/Contents/Home/jre/lib/JObjC.jar:/Library/Java/JavaVirtualMachines/jdk1.7.0_21.jdk/Contents/Home/jre/classes"/>
    <property name="java.vendor" value="Oracle Corporation"/>
    <property name="localRepository" value="/Users/tanilcagdas/.m2/repository"/>
    <property name="file.separator" value="/"/>
    <property name="java.vendor.url.bug" value="http://bugreport.sun.com/bugreport/"/>
    <property name="sun.cpu.endian" value="little"/>
    <property name="sun.io.unicode.encoding" value="UnicodeBig"/>
    <property name="socksNonProxyHosts" value="local|*.local|169.254/16|*.169.254/16"/>
    <property name="ftp.nonProxyHosts" value="local|*.local|169.254/16|*.169.254/16"/>
    <property name="sun.cpu.isalist" value=""/>
  </properties>
  <testcase time="4.358" classname="com.labbooktool.repository.LabBookRepositoryTest" name="testInsertDevice"/>
</testsuite>