<?xml version="1.0" encoding="UTF-8" ?>
<testsuite failures="1" time="1.484" errors="0" skipped="0" tests="3" name="com.labbooktool.repository.PersonRepositoryTest">
  <properties>
    <property name="java.runtime.name" value="Java(TM) SE Runtime Environment"/>
    <property name="sun.boot.library.path" value="C:\Program Files (x86)\Java\jre7\bin"/>
    <property name="java.vm.version" value="23.25-b01"/>
    <property name="java.vm.vendor" value="Oracle Corporation"/>
    <property name="java.vendor.url" value="http://java.oracle.com/"/>
    <property name="path.separator" value=";"/>
    <property name="java.vm.name" value="Java HotSpot(TM) Client VM"/>
    <property name="file.encoding.pkg" value="sun.io"/>
    <property name="user.script" value=""/>
    <property name="user.country" value="US"/>
    <property name="sun.java.launcher" value="SUN_STANDARD"/>
    <property name="sun.os.patch.level" value="Service Pack 1"/>
    <property name="java.vm.specification.name" value="Java Virtual Machine Specification"/>
    <property name="user.dir" value="D:\Users\tcagdas\Documents\Dropbox\swprojects\newLabBookTool\labBookTool\mongo"/>
    <property name="java.runtime.version" value="1.7.0_25-b17"/>
    <property name="java.awt.graphicsenv" value="sun.awt.Win32GraphicsEnvironment"/>
    <property name="basedir" value="D:\Users\tcagdas\Documents\Dropbox\swprojects\newLabBookTool\labBookTool\mongo"/>
    <property name="java.endorsed.dirs" value="C:\Program Files (x86)\Java\jre7\lib\endorsed"/>
    <property name="os.arch" value="x86"/>
    <property name="surefire.real.class.path" value="D:\Users\tcagdas\AppData\Local\Temp\surefirebooter109035590275236350.jar"/>
    <property name="java.io.tmpdir" value="D:\Users\tcagdas\AppData\Local\Temp\"/>
    <property name="line.separator" value="
"/>
    <property name="java.vm.specification.vendor" value="Oracle Corporation"/>
    <property name="user.variant" value=""/>
    <property name="os.name" value="Windows 7"/>
    <property name="sun.jnu.encoding" value="Cp1252"/>
    <property name="java.library.path" value="C:\Program Files (x86)\Java\jre7\bin;C:\Windows\Sun\Java\bin;C:\Windows\system32;C:\Windows;C:\Program Files\Common Files\Microsoft Shared\Windows Live;C:\Program Files (x86)\Common Files\Microsoft Shared\Windows Live;C:\Windows\system32;C:\Windows;C:\Windows\System32\Wbem;C:\Windows\System32\WindowsPowerShell\v1.0\;C:\Program Files (x86)\Common Files\Roxio Shared\DLLShared\;C:\Program Files (x86)\Common Files\Roxio Shared\DLLShared\;C:\Program Files (x86)\Common Files\Roxio Shared\9.0\DLLShared\;C:\Program Files (x86)\Windows Live\Shared;D:\apache-maven-3.0.5\bin;C:\Program Files\TortoiseSVN\bin;C:\Program Files\Java\jdk1.6.0_45\bin;C:\Program Files (x86)\ATI Technologies\ATI.ACE\Core-Static;C:\Program Files\SlikSvn\bin;."/>
    <property name="surefire.test.class.path" value="D:\Users\tcagdas\Documents\Dropbox\swprojects\newLabBookTool\labBookTool\mongo\target\test-classes;D:\Users\tcagdas\Documents\Dropbox\swprojects\newLabBookTool\labBookTool\mongo\target\classes;D:\Users\tcagdas\.m2\repository\org\springframework\data\spring-data-mongodb\1.2.1.RELEASE\spring-data-mongodb-1.2.1.RELEASE.jar;D:\Users\tcagdas\.m2\repository\org\springframework\spring-tx\3.1.4.RELEASE\spring-tx-3.1.4.RELEASE.jar;D:\Users\tcagdas\.m2\repository\aopalliance\aopalliance\1.0\aopalliance-1.0.jar;D:\Users\tcagdas\.m2\repository\org\springframework\spring-aop\3.1.4.RELEASE\spring-aop-3.1.4.RELEASE.jar;D:\Users\tcagdas\.m2\repository\org\springframework\spring-context\3.1.4.RELEASE\spring-context-3.1.4.RELEASE.jar;D:\Users\tcagdas\.m2\repository\org\springframework\spring-asm\3.1.4.RELEASE\spring-asm-3.1.4.RELEASE.jar;D:\Users\tcagdas\.m2\repository\org\springframework\spring-beans\3.1.4.RELEASE\spring-beans-3.1.4.RELEASE.jar;D:\Users\tcagdas\.m2\repository\org\springframework\spring-core\3.1.4.RELEASE\spring-core-3.1.4.RELEASE.jar;D:\Users\tcagdas\.m2\repository\org\springframework\spring-expression\3.1.4.RELEASE\spring-expression-3.1.4.RELEASE.jar;D:\Users\tcagdas\.m2\repository\org\springframework\data\spring-data-commons\1.5.1.RELEASE\spring-data-commons-1.5.1.RELEASE.jar;D:\Users\tcagdas\.m2\repository\org\mongodb\mongo-java-driver\2.10.1\mongo-java-driver-2.10.1.jar;D:\Users\tcagdas\.m2\repository\cglib\cglib\2.2\cglib-2.2.jar;D:\Users\tcagdas\.m2\repository\asm\asm\3.1\asm-3.1.jar;D:\Users\tcagdas\.m2\repository\log4j\log4j\1.2.17\log4j-1.2.17.jar;D:\Users\tcagdas\.m2\repository\org\slf4j\slf4j-api\1.6.1\slf4j-api-1.6.1.jar;D:\Users\tcagdas\.m2\repository\org\slf4j\jcl-over-slf4j\1.6.1\jcl-over-slf4j-1.6.1.jar;D:\Users\tcagdas\.m2\repository\org\slf4j\slf4j-log4j12\1.6.1\slf4j-log4j12-1.6.1.jar;D:\Users\tcagdas\.m2\repository\junit\junit\4.8.1\junit-4.8.1.jar;D:\Users\tcagdas\.m2\repository\org\springframework\spring-test\3.1.3.RELEASE\spring-test-3.1.3.RELEASE.jar;D:\Users\tcagdas\.m2\repository\com\lordofthejars\nosqlunit-mongodb\0.7.6\nosqlunit-mongodb-0.7.6.jar;D:\Users\tcagdas\.m2\repository\com\lordofthejars\nosqlunit-core\0.7.6\nosqlunit-core-0.7.6.jar;D:\Users\tcagdas\.m2\repository\javax\inject\javax.inject\1\javax.inject-1.jar;D:\Users\tcagdas\.m2\repository\com\googlecode\lambdaj\lambdaj\2.3.3\lambdaj-2.3.3.jar;D:\Users\tcagdas\.m2\repository\org\objenesis\objenesis\1.2\objenesis-1.2.jar;D:\Users\tcagdas\.m2\repository\cglib\cglib-nodep\2.2\cglib-nodep-2.2.jar;D:\Users\tcagdas\.m2\repository\org\jooq\joor\0.9.3\joor-0.9.3.jar;D:\Users\tcagdas\.m2\repository\org\codehaus\jackson\jackson-mapper-asl\1.8.8\jackson-mapper-asl-1.8.8.jar;D:\Users\tcagdas\.m2\repository\org\codehaus\jackson\jackson-core-asl\1.8.8\jackson-core-asl-1.8.8.jar;D:\Users\tcagdas\.m2\repository\com\foursquare\fongo\1.0.7\fongo-1.0.7.jar;D:\Users\tcagdas\.m2\repository\org\mockito\mockito-core\1.9.0\mockito-core-1.9.0.jar;D:\Users\tcagdas\.m2\repository\org\hamcrest\hamcrest-core\1.3\hamcrest-core-1.3.jar;D:\Users\tcagdas\.m2\repository\org\hamcrest\hamcrest-library\1.3\hamcrest-library-1.3.jar;D:\Users\tcagdas\.m2\repository\org\easytesting\fest-assert\1.4\fest-assert-1.4.jar;D:\Users\tcagdas\.m2\repository\org\easytesting\fest-util\1.1.6\fest-util-1.1.6.jar;"/>
    <property name="java.specification.name" value="Java Platform API Specification"/>
    <property name="java.class.version" value="51.0"/>
    <property name="sun.management.compiler" value="HotSpot Client Compiler"/>
    <property name="os.version" value="6.1"/>
    <property name="user.home" value="D:\Users\tcagdas"/>
    <property name="user.timezone" value="Europe/Athens"/>
    <property name="java.awt.printerjob" value="sun.awt.windows.WPrinterJob"/>
    <property name="java.specification.version" value="1.7"/>
    <property name="file.encoding" value="Cp1252"/>
    <property name="user.name" value="tcagdas"/>
    <property name="java.class.path" value="D:\Users\tcagdas\Documents\Dropbox\swprojects\newLabBookTool\labBookTool\mongo\target\test-classes;D:\Users\tcagdas\Documents\Dropbox\swprojects\newLabBookTool\labBookTool\mongo\target\classes;D:\Users\tcagdas\.m2\repository\org\springframework\data\spring-data-mongodb\1.2.1.RELEASE\spring-data-mongodb-1.2.1.RELEASE.jar;D:\Users\tcagdas\.m2\repository\org\springframework\spring-tx\3.1.4.RELEASE\spring-tx-3.1.4.RELEASE.jar;D:\Users\tcagdas\.m2\repository\aopalliance\aopalliance\1.0\aopalliance-1.0.jar;D:\Users\tcagdas\.m2\repository\org\springframework\spring-aop\3.1.4.RELEASE\spring-aop-3.1.4.RELEASE.jar;D:\Users\tcagdas\.m2\repository\org\springframework\spring-context\3.1.4.RELEASE\spring-context-3.1.4.RELEASE.jar;D:\Users\tcagdas\.m2\repository\org\springframework\spring-asm\3.1.4.RELEASE\spring-asm-3.1.4.RELEASE.jar;D:\Users\tcagdas\.m2\repository\org\springframework\spring-beans\3.1.4.RELEASE\spring-beans-3.1.4.RELEASE.jar;D:\Users\tcagdas\.m2\repository\org\springframework\spring-core\3.1.4.RELEASE\spring-core-3.1.4.RELEASE.jar;D:\Users\tcagdas\.m2\repository\org\springframework\spring-expression\3.1.4.RELEASE\spring-expression-3.1.4.RELEASE.jar;D:\Users\tcagdas\.m2\repository\org\springframework\data\spring-data-commons\1.5.1.RELEASE\spring-data-commons-1.5.1.RELEASE.jar;D:\Users\tcagdas\.m2\repository\org\mongodb\mongo-java-driver\2.10.1\mongo-java-driver-2.10.1.jar;D:\Users\tcagdas\.m2\repository\cglib\cglib\2.2\cglib-2.2.jar;D:\Users\tcagdas\.m2\repository\asm\asm\3.1\asm-3.1.jar;D:\Users\tcagdas\.m2\repository\log4j\log4j\1.2.17\log4j-1.2.17.jar;D:\Users\tcagdas\.m2\repository\org\slf4j\slf4j-api\1.6.1\slf4j-api-1.6.1.jar;D:\Users\tcagdas\.m2\repository\org\slf4j\jcl-over-slf4j\1.6.1\jcl-over-slf4j-1.6.1.jar;D:\Users\tcagdas\.m2\repository\org\slf4j\slf4j-log4j12\1.6.1\slf4j-log4j12-1.6.1.jar;D:\Users\tcagdas\.m2\repository\junit\junit\4.8.1\junit-4.8.1.jar;D:\Users\tcagdas\.m2\repository\org\springframework\spring-test\3.1.3.RELEASE\spring-test-3.1.3.RELEASE.jar;D:\Users\tcagdas\.m2\repository\com\lordofthejars\nosqlunit-mongodb\0.7.6\nosqlunit-mongodb-0.7.6.jar;D:\Users\tcagdas\.m2\repository\com\lordofthejars\nosqlunit-core\0.7.6\nosqlunit-core-0.7.6.jar;D:\Users\tcagdas\.m2\repository\javax\inject\javax.inject\1\javax.inject-1.jar;D:\Users\tcagdas\.m2\repository\com\googlecode\lambdaj\lambdaj\2.3.3\lambdaj-2.3.3.jar;D:\Users\tcagdas\.m2\repository\org\objenesis\objenesis\1.2\objenesis-1.2.jar;D:\Users\tcagdas\.m2\repository\cglib\cglib-nodep\2.2\cglib-nodep-2.2.jar;D:\Users\tcagdas\.m2\repository\org\jooq\joor\0.9.3\joor-0.9.3.jar;D:\Users\tcagdas\.m2\repository\org\codehaus\jackson\jackson-mapper-asl\1.8.8\jackson-mapper-asl-1.8.8.jar;D:\Users\tcagdas\.m2\repository\org\codehaus\jackson\jackson-core-asl\1.8.8\jackson-core-asl-1.8.8.jar;D:\Users\tcagdas\.m2\repository\com\foursquare\fongo\1.0.7\fongo-1.0.7.jar;D:\Users\tcagdas\.m2\repository\org\mockito\mockito-core\1.9.0\mockito-core-1.9.0.jar;D:\Users\tcagdas\.m2\repository\org\hamcrest\hamcrest-core\1.3\hamcrest-core-1.3.jar;D:\Users\tcagdas\.m2\repository\org\hamcrest\hamcrest-library\1.3\hamcrest-library-1.3.jar;D:\Users\tcagdas\.m2\repository\org\easytesting\fest-assert\1.4\fest-assert-1.4.jar;D:\Users\tcagdas\.m2\repository\org\easytesting\fest-util\1.1.6\fest-util-1.1.6.jar;"/>
    <property name="java.vm.specification.version" value="1.7"/>
    <property name="sun.arch.data.model" value="32"/>
    <property name="java.home" value="C:\Program Files (x86)\Java\jre7"/>
    <property name="sun.java.command" value="D:\Users\tcagdas\AppData\Local\Temp\surefirebooter109035590275236350.jar D:\Users\tcagdas\AppData\Local\Temp\surefire8692759234484282559tmp D:\Users\tcagdas\AppData\Local\Temp\surefire973285532501367994tmp"/>
    <property name="java.specification.vendor" value="Oracle Corporation"/>
    <property name="user.language" value="en"/>
    <property name="awt.toolkit" value="sun.awt.windows.WToolkit"/>
    <property name="java.vm.info" value="mixed mode, sharing"/>
    <property name="java.version" value="1.7.0_25"/>
    <property name="java.ext.dirs" value="C:\Program Files (x86)\Java\jre7\lib\ext;C:\Windows\Sun\Java\lib\ext"/>
    <property name="sun.boot.class.path" value="C:\Program Files (x86)\Java\jre7\lib\resources.jar;C:\Program Files (x86)\Java\jre7\lib\rt.jar;C:\Program Files (x86)\Java\jre7\lib\sunrsasign.jar;C:\Program Files (x86)\Java\jre7\lib\jsse.jar;C:\Program Files (x86)\Java\jre7\lib\jce.jar;C:\Program Files (x86)\Java\jre7\lib\charsets.jar;C:\Program Files (x86)\Java\jre7\lib\jfr.jar;C:\Program Files (x86)\Java\jre7\classes"/>
    <property name="java.vendor" value="Oracle Corporation"/>
    <property name="localRepository" value="D:\Users\tcagdas\.m2\repository"/>
    <property name="file.separator" value="\"/>
    <property name="java.vendor.url.bug" value="http://bugreport.sun.com/bugreport/"/>
    <property name="sun.cpu.endian" value="little"/>
    <property name="sun.io.unicode.encoding" value="UnicodeLittle"/>
    <property name="sun.desktop" value="windows"/>
    <property name="sun.cpu.isalist" value="pentium_pro+mmx pentium_pro pentium+mmx pentium i486 i386 i86"/>
  </properties>
  <testcase time="1.272" classname="com.labbooktool.repository.PersonRepositoryTest" name="testCountAllPersons">
    <failure message="expected:&lt;[2]&gt; but was:&lt;[0]&gt;" type="org.junit.ComparisonFailure">org.junit.ComparisonFailure: expected:&lt;[2]&gt; but was:&lt;[0]&gt;
	at sun.reflect.NativeConstructorAccessorImpl.newInstance0(Native Method)
	at sun.reflect.NativeConstructorAccessorImpl.newInstance(Unknown Source)
	at sun.reflect.DelegatingConstructorAccessorImpl.newInstance(Unknown Source)
	at java.lang.reflect.Constructor.newInstance(Unknown Source)
	at org.fest.assertions.ConstructorInvoker.newInstance(ConstructorInvoker.java:36)
	at org.fest.assertions.ComparisonFailureFactory.newComparisonFailure(ComparisonFailureFactory.java:60)
	at org.fest.assertions.ComparisonFailureFactory.comparisonFailure(ComparisonFailureFactory.java:46)
	at org.fest.assertions.Fail.comparisonFailed(Fail.java:83)
	at org.fest.assertions.Fail.failIfNotEqual(Fail.java:71)
	at org.fest.assertions.GenericAssert.isEqualTo(GenericAssert.java:217)
	at org.fest.assertions.LongAssert.isEqualTo(LongAssert.java:59)
	at com.labbooktool.repository.PersonRepositoryTest.testCountAllPersons(PersonRepositoryTest.java:54)
	at sun.reflect.NativeMethodAccessorImpl.invoke0(Native Method)
	at sun.reflect.NativeMethodAccessorImpl.invoke(Unknown Source)
	at sun.reflect.DelegatingMethodAccessorImpl.invoke(Unknown Source)
	at java.lang.reflect.Method.invoke(Unknown Source)
	at org.junit.runners.model.FrameworkMethod$1.runReflectiveCall(FrameworkMethod.java:44)
	at org.junit.internal.runners.model.ReflectiveCallable.run(ReflectiveCallable.java:15)
	at org.junit.runners.model.FrameworkMethod.invokeExplosively(FrameworkMethod.java:41)
	at org.junit.internal.runners.statements.InvokeMethod.evaluate(InvokeMethod.java:20)
	at org.springframework.test.context.junit4.statements.RunBeforeTestMethodCallbacks.evaluate(RunBeforeTestMethodCallbacks.java:74)
	at org.springframework.test.context.junit4.statements.RunAfterTestMethodCallbacks.evaluate(RunAfterTestMethodCallbacks.java:83)
	at com.lordofthejars.nosqlunit.core.AbstractNoSqlTestRule$1.evaluate(AbstractNoSqlTestRule.java:76)
	at org.springframework.test.context.junit4.statements.SpringRepeat.evaluate(SpringRepeat.java:72)
	at org.springframework.test.context.junit4.SpringJUnit4ClassRunner.runChild(SpringJUnit4ClassRunner.java:231)
	at org.junit.runners.BlockJUnit4ClassRunner.runChild(BlockJUnit4ClassRunner.java:50)
	at org.junit.runners.ParentRunner$3.run(ParentRunner.java:193)
	at org.junit.runners.ParentRunner$1.schedule(ParentRunner.java:52)
	at org.junit.runners.ParentRunner.runChildren(ParentRunner.java:191)
	at org.junit.runners.ParentRunner.access$000(ParentRunner.java:42)
	at org.junit.runners.ParentRunner$2.evaluate(ParentRunner.java:184)
	at org.springframework.test.context.junit4.statements.RunBeforeTestClassCallbacks.evaluate(RunBeforeTestClassCallbacks.java:61)
	at org.springframework.test.context.junit4.statements.RunAfterTestClassCallbacks.evaluate(RunAfterTestClassCallbacks.java:71)
	at org.junit.runners.ParentRunner.run(ParentRunner.java:236)
	at org.springframework.test.context.junit4.SpringJUnit4ClassRunner.run(SpringJUnit4ClassRunner.java:174)
	at org.apache.maven.surefire.junit4.JUnit4TestSet.execute(JUnit4TestSet.java:59)
	at org.apache.maven.surefire.suite.AbstractDirectoryTestSuite.executeTestSet(AbstractDirectoryTestSuite.java:115)
	at org.apache.maven.surefire.suite.AbstractDirectoryTestSuite.execute(AbstractDirectoryTestSuite.java:102)
	at org.apache.maven.surefire.Surefire.run(Surefire.java:180)
	at sun.reflect.NativeMethodAccessorImpl.invoke0(Native Method)
	at sun.reflect.NativeMethodAccessorImpl.invoke(Unknown Source)
	at sun.reflect.DelegatingMethodAccessorImpl.invoke(Unknown Source)
	at java.lang.reflect.Method.invoke(Unknown Source)
	at org.apache.maven.surefire.booter.SurefireBooter.runSuitesInProcess(SurefireBooter.java:350)
	at org.apache.maven.surefire.booter.SurefireBooter.main(SurefireBooter.java:1021)
</failure>
  </testcase>
  <testcase time="0.006" classname="com.labbooktool.repository.PersonRepositoryTest" name="testCountUnderAge"/>
  <testcase time="0.005" classname="com.labbooktool.repository.PersonRepositoryTest" name="testInsertPersonWithNameJohnathanAndRandomAge"/>
</testsuite>